2024-10-19 18:01:41,589 INFO - anime: bungou-stray-dogs saison 1hs scan en cour
2024-10-19 18:01:41,589 INFO - anime: bungou-stray-dogs saison 1hs url: https://anime-sama.fr/catalogue/bungou-stray-dogs/saison1hs/vostfr/
2024-10-19 18:01:42,287 INFO - anime: bungou-stray-dogs saison 1hs !!!! nouveaux !!!! episode 1, ['none', 'none', 'https://sendvid.com/embed/xrt3lrei']
2024-10-19 18:01:42,288 INFO - anime: bungou-stray-dogs saison 1hs !!!! nouveaux !!!! episode 2, ['none', 'none', 'https://sendvid.com/embed/v8mwpz4y']
2024-10-19 18:01:42,289 INFO - anime: bungou-stray-dogs saison 1hs !!!! nouveaux !!!! episode 3, ['none', 'none', 'https://sendvid.com/embed/fh41pncn']
2024-10-19 18:01:42,290 INFO - anime: bungou-stray-dogs saison 1hs !!!! nouveaux !!!! episode 4, ['none', 'none', 'https://sendvid.com/embed/ptk152bd']
2024-10-19 18:01:42,291 INFO - anime: bungou-stray-dogs saison 1hs !!!! nouveaux !!!! episode 5, ['none', 'none', 'https://sendvid.com/embed/d1eigbg2']
2024-10-19 18:01:42,292 INFO - anime: bungou-stray-dogs saison 1hs !!!! nouveaux !!!! episode 6, ['none', 'none', 'https://sendvid.com/embed/bqzkieo3']
2024-10-19 18:01:42,292 INFO - anime: bungou-stray-dogs saison 1hs !!!! nouveaux !!!! episode 7, ['none', 'none', 'https://sendvid.com/embed/67myhdfz']
2024-10-19 18:01:42,293 INFO - anime: bungou-stray-dogs saison 1hs !!!! nouveaux !!!! episode 8, ['none', 'none', 'https://sendvid.com/embed/w36rih15']
2024-10-19 18:01:42,294 INFO - anime: bungou-stray-dogs saison 1hs !!!! nouveaux !!!! episode 9, ['none', 'none', 'https://sendvid.com/embed/5pzku1al']
2024-10-19 18:01:42,295 INFO - anime: bungou-stray-dogs saison 1hs !!!! nouveaux !!!! episode 10, ['https://video.sibnet.ru/shell.php?videoid=5264976', 'none', 'https://sendvid.com/embed/ky5i8xla']
2024-10-19 18:01:42,295 INFO - anime: bungou-stray-dogs saison 1hs !!!! nouveaux !!!! episode 11, ['https://video.sibnet.ru/shell.php?videoid=5264977', 'none', 'https://sendvid.com/embed/yhxhotaz']
2024-10-19 18:01:42,296 INFO - anime: bungou-stray-dogs saison 1hs !!!! nouveaux !!!! episode 12, ['none', 'none', 'https://sendvid.com/embed/8d4qv9fu']
2024-10-19 18:01:42,297 INFO - anime: bungou-stray-dogs saison 1hs scan en terminer
2024-10-19 18:01:42,298 INFO - anime: bungou-stray-dogs season 1hs 01 download en cour
2024-10-19 18:01:42,299 INFO - anime: bungou-stray-dogs season 1hs 02 download en cour
2024-10-19 18:01:42,299 INFO - anime: bungou-stray-dogs season 1hs 03 download en cour
2024-10-19 18:01:42,299 INFO - anime: bungou-stray-dogs season 1hs 04 download en cour
2024-10-19 18:07:32,894 INFO - anime: bungou-stray-dogs season 1hs 04 sendvid download fini
2024-10-19 18:07:32,896 INFO - anime: bungou-stray-dogs season 1hs 05 download en cour
