2024-10-19 17:55:14,110 INFO - anime: le-healer-rejete-est-invincible-au-combat saison 1 scan en cour
2024-10-19 17:55:14,110 INFO - anime: le-healer-rejete-est-invincible-au-combat saison 1 url: https://anime-sama.fr/catalogue/le-healer-rejete-est-invincible-au-combat/saison1/vostfr/
2024-10-19 17:55:14,764 INFO - anime: le-healer-rejete-est-invincible-au-combat saison 1 !!!! nouveaux !!!! episode 1, ['https://video.sibnet.ru/shell.php?videoid=5703412', 'https://vidmoly.to/embed-ktpixwj0sgq5.html', 'https://sendvid.com/embed/ebwueuqk']
2024-10-19 17:55:14,765 INFO - anime: le-healer-rejete-est-invincible-au-combat saison 1 !!!! nouveaux !!!! episode 2, ['https://video.sibnet.ru/shell.php?videoid=5713256', 'https://vidmoly.to/embed-41zcahh6pchp.html', 'https://sendvid.com/embed/ngjrxi0b']
2024-10-19 17:55:14,776 INFO - anime: le-healer-rejete-est-invincible-au-combat saison 1 scan en terminer
2024-10-19 17:55:14,776 INFO - anime: roshidere saison 1 scan en cour
2024-10-19 17:55:14,778 INFO - anime: roshidere saison 1 url: https://anime-sama.fr/catalogue/roshidere/saison1/vf/
2024-10-19 17:55:15,114 INFO - anime: roshidere saison 1 !!!! nouveaux !!!! episode 1, ['https://video.sibnet.ru/shell.php?videoid=5647593', 'https://vidmoly.to/embed-hvczpo75mr7t.html', 'https://sendvid.com/embed/efeo57g2']
2024-10-19 17:55:15,115 INFO - anime: roshidere saison 1 !!!! nouveaux !!!! episode 2, ['https://video.sibnet.ru/shell.php?videoid=5657559', 'https://vidmoly.to/embed-7jg9yxorrvd9.html', 'https://sendvid.com/embed/f9trs4fw']
2024-10-19 17:55:15,116 INFO - anime: roshidere saison 1 !!!! nouveaux !!!! episode 3, ['https://video.sibnet.ru/shell.php?videoid=5718931', 'https://vidmoly.to/embed-j58kywss5dpq.html', 'https://sendvid.com/embed/0na5m3fa']
2024-10-19 17:55:15,117 INFO - anime: roshidere saison 1 !!!! nouveaux !!!! episode 4, ['https://video.sibnet.ru/shell.php?videoid=5718933', 'https://vidmoly.to/embed-joo9x0kju93j.html', 'https://sendvid.com/embed/f70y4z1o']
2024-10-19 17:55:15,117 INFO - anime: roshidere saison 1 !!!! nouveaux !!!! episode 5, ['https://video.sibnet.ru/shell.php?videoid=5718934', 'https://vidmoly.to/embed-ghqs5w9dygoi.html', 'https://sendvid.com/embed/q3z27emw']
2024-10-19 17:55:15,119 INFO - anime: roshidere saison 1 !!!! nouveaux !!!! episode 6, ['https://video.sibnet.ru/shell.php?videoid=5718935', 'https://vidmoly.to/embed-ak2peuhc3dal.html', 'https://sendvid.com/embed/dux3tfbl']
2024-10-19 17:55:15,119 INFO - anime: roshidere saison 1 !!!! nouveaux !!!! episode 7, ['https://video.sibnet.ru/shell.php?videoid=5718937', 'https://vidmoly.to/embed-54x4g6c8vx4l.html', 'https://sendvid.com/embed/84w99fxw']
2024-10-19 17:55:15,120 INFO - anime: roshidere saison 1 !!!! nouveaux !!!! episode 8, ['https://video.sibnet.ru/shell.php?videoid=5718939', 'https://vidmoly.to/embed-ia3suhscrr8v.html', 'https://sendvid.com/embed/9zoda8ou']
2024-10-19 17:55:15,121 INFO - anime: roshidere saison 1 !!!! nouveaux !!!! episode 9, ['https://video.sibnet.ru/shell.php?videoid=5718941', 'https://vidmoly.to/embed-5afkk207u43g.html', 'https://sendvid.com/embed/2tcxncuh']
2024-10-19 17:55:15,122 INFO - anime: roshidere saison 1 scan en terminer
2024-10-19 17:55:15,122 INFO - anime: tsue-to-tsurugi-no-wistoria saison 1 scan en cour
2024-10-19 17:55:15,123 INFO - anime: tsue-to-tsurugi-no-wistoria saison 1 url: https://anime-sama.fr/catalogue/tsue-to-tsurugi-no-wistoria/saison1/vf/
2024-10-19 17:55:15,478 INFO - anime: tsue-to-tsurugi-no-wistoria saison 1 !!!! nouveaux !!!! episode 1, ['https://video.sibnet.ru/shell.php?videoid=5613712', 'https://vidmoly.to/embed-ekdf1rn14at6.html', 'https://sendvid.com/embed/71ee1zbf']
2024-10-19 17:55:15,479 INFO - anime: tsue-to-tsurugi-no-wistoria saison 1 !!!! nouveaux !!!! episode 2, ['https://video.sibnet.ru/shell.php?videoid=5622753', 'https://vidmoly.to/embed-rx3ckgi27t6v.html', 'https://sendvid.com/embed/h7bbhdgb']
2024-10-19 17:55:15,480 INFO - anime: tsue-to-tsurugi-no-wistoria saison 1 !!!! nouveaux !!!! episode 3, ['https://video.sibnet.ru/shell.php?videoid=5633266', 'https://vidmoly.to/embed-7y2r5q90ut4o.html', 'none']
2024-10-19 17:55:15,481 INFO - anime: tsue-to-tsurugi-no-wistoria saison 1 !!!! nouveaux !!!! episode 4, ['https://video.sibnet.ru/shell.php?videoid=5653118', 'https://vidmoly.to/embed-f62luz2eg1a7.html', 'https://sendvid.com/embed/lsk0lj4w']
2024-10-19 17:55:15,481 INFO - anime: tsue-to-tsurugi-no-wistoria saison 1 !!!! nouveaux !!!! episode 5, ['https://video.sibnet.ru/shell.php?videoid=5661180', 'https://vidmoly.to/embed-m3zwpfjilavg.html', 'https://sendvid.com/embed/npolhgr8']
2024-10-19 17:55:15,482 INFO - anime: tsue-to-tsurugi-no-wistoria saison 1 !!!! nouveaux !!!! episode 6, ['https://video.sibnet.ru/shell.php?videoid=5669286', 'https://vidmoly.to/embed-kzu7qqm4huca.html', 'https://sendvid.com/embed/y33girco']
2024-10-19 17:55:15,483 INFO - anime: tsue-to-tsurugi-no-wistoria saison 1 !!!! nouveaux !!!! episode 7, ['https://video.sibnet.ru/shell.php?videoid=5678457', 'https://vidmoly.to/embed-ek4u9tk0kpzl.html', 'https://sendvid.com/embed/ogjpsx2o']
2024-10-19 17:55:15,483 INFO - anime: tsue-to-tsurugi-no-wistoria saison 1 !!!! nouveaux !!!! episode 8, ['https://video.sibnet.ru/shell.php?videoid=5689929', 'https://vidmoly.to/embed-fup0um3wuzmr.html', 'https://sendvid.com/embed/8mfv41sb']
2024-10-19 17:55:15,484 INFO - anime: tsue-to-tsurugi-no-wistoria saison 1 !!!! nouveaux !!!! episode 9, ['https://video.sibnet.ru/shell.php?videoid=5696905', 'https://vidmoly.to/embed-670pwl1gi7u8.html', 'https://sendvid.com/embed/titlgge6']
2024-10-19 17:55:15,485 INFO - anime: tsue-to-tsurugi-no-wistoria saison 1 !!!! nouveaux !!!! episode 10, ['https://video.sibnet.ru/shell.php?videoid=5706309', 'https://vidmoly.to/embed-99jr2x2y1gqp.html', 'https://sendvid.com/embed/zi5nzhma']
2024-10-19 17:55:15,486 INFO - anime: tsue-to-tsurugi-no-wistoria saison 1 !!!! nouveaux !!!! episode 11, ['https://video.sibnet.ru/shell.php?videoid=5716006', 'https://vidmoly.to/embed-61y71dhccrpe.html', 'https://sendvid.com/embed/rtu7kcap']
2024-10-19 17:55:15,486 INFO - anime: tsue-to-tsurugi-no-wistoria saison 1 scan en terminer
2024-10-19 17:55:15,487 INFO - anime: whisper-me-a-love-song saison 1 scan en cour
2024-10-19 17:55:15,488 INFO - anime: whisper-me-a-love-song saison 1 url: https://anime-sama.fr/catalogue/whisper-me-a-love-song/saison1/vostfr/
2024-10-19 17:55:15,832 INFO - anime: whisper-me-a-love-song saison 1 !!!! nouveaux !!!! episode 1, ['https://video.sibnet.ru/shell.php?videoid=5503777', 'https://vidmoly.to/embed-t6m9ic733u8c.html', 'https://sendvid.com/embed/pb51uaia']
2024-10-19 17:55:15,833 INFO - anime: whisper-me-a-love-song saison 1 !!!! nouveaux !!!! episode 2, ['https://video.sibnet.ru/shell.php?videoid=5511748', 'https://vidmoly.to/embed-bsyhyrp8zifv.html', 'https://sendvid.com/embed/lh7jsju7']
2024-10-19 17:55:15,833 INFO - anime: whisper-me-a-love-song saison 1 !!!! nouveaux !!!! episode 3, ['https://video.sibnet.ru/shell.php?videoid=5518042', 'https://vidmoly.to/embed-zpj6rsd6sxt6.html', 'https://sendvid.com/embed/j8p7ttc1']
2024-10-19 17:55:15,834 INFO - anime: whisper-me-a-love-song saison 1 !!!! nouveaux !!!! episode 4, ['https://video.sibnet.ru/shell.php?videoid=5525026', 'https://vidmoly.to/embed-hove7dvq1ke1.html', 'https://sendvid.com/embed/389g1e24']
2024-10-19 17:55:15,835 INFO - anime: whisper-me-a-love-song saison 1 !!!! nouveaux !!!! episode 5, ['https://video.sibnet.ru/shell.php?videoid=5533032', 'https://vidmoly.to/embed-r679tnj74pau.html', 'https://sendvid.com/embed/z0h7eqnz']
2024-10-19 17:55:15,835 INFO - anime: whisper-me-a-love-song saison 1 !!!! nouveaux !!!! episode 6, ['https://video.sibnet.ru/shell.php?videoid=5539017', 'https://vidmoly.to/embed-0nltq4c0wzuk.html', 'https://sendvid.com/embed/a0jaf68a']
2024-10-19 17:55:15,837 INFO - anime: whisper-me-a-love-song saison 1 !!!! nouveaux !!!! episode 7, ['https://video.sibnet.ru/shell.php?videoid=5545310', 'https://vidmoly.to/embed-w48j9pigde74.html', 'https://sendvid.com/embed/6fl3lov2']
2024-10-19 17:55:15,837 INFO - anime: whisper-me-a-love-song saison 1 !!!! nouveaux !!!! episode 8, ['https://video.sibnet.ru/shell.php?videoid=5551700', 'https://vidmoly.to/embed-4tvxoa6cco7x.html', 'https://sendvid.com/embed/e10otndi']
2024-10-19 17:55:15,839 INFO - anime: whisper-me-a-love-song saison 1 !!!! nouveaux !!!! episode 9, ['https://video.sibnet.ru/shell.php?videoid=5572165', 'https://vidmoly.to/embed-v6c61h8b113j.html', 'https://sendvid.com/embed/377zgfqa']
2024-10-19 17:55:15,839 INFO - anime: whisper-me-a-love-song saison 1 !!!! nouveaux !!!! episode 10, ['https://video.sibnet.ru/shell.php?videoid=5579864', 'https://vidmoly.to/embed-3w1nhxd06jg7.html', 'https://sendvid.com/embed/795s9r4w']
2024-10-19 17:55:15,840 INFO - anime: whisper-me-a-love-song saison 1 scan en terminer
2024-10-19 17:55:15,840 INFO - anime: tensei-shitara-slime-datta-ken saison 3 scan en cour
2024-10-19 17:55:15,841 INFO - anime: tensei-shitara-slime-datta-ken saison 3 url: https://anime-sama.fr/catalogue/tensei-shitara-slime-datta-ken/saison3/vf/
2024-10-19 17:55:16,274 INFO - anime: tensei-shitara-slime-datta-ken saison 3 !!!! nouveaux !!!! episode 1, ['https://video.sibnet.ru/shell.php?videoid=5526545', 'https://vidmoly.to/embed-aje0y1oa7sgj.html', 'https://sendvid.com/embed/1i16cthr']
2024-10-19 17:55:16,275 INFO - anime: tensei-shitara-slime-datta-ken saison 3 !!!! nouveaux !!!! episode 2, ['https://video.sibnet.ru/shell.php?videoid=5532764', 'https://vidmoly.to/embed-ptxwrwfnyb04.html', 'https://sendvid.com/embed/oewu0gih']
2024-10-19 17:55:16,276 INFO - anime: tensei-shitara-slime-datta-ken saison 3 !!!! nouveaux !!!! episode 3, ['https://video.sibnet.ru/shell.php?videoid=5538304', 'https://vidmoly.to/embed-abdnis0z5ld3.html', 'https://sendvid.com/embed/ydn9vrxv']
2024-10-19 17:55:16,277 INFO - anime: tensei-shitara-slime-datta-ken saison 3 !!!! nouveaux !!!! episode 4, ['https://video.sibnet.ru/shell.php?videoid=5544911', 'https://vidmoly.to/embed-c3depni7m6lc.html', 'https://sendvid.com/embed/577498ao']
2024-10-19 17:55:16,277 INFO - anime: tensei-shitara-slime-datta-ken saison 3 !!!! nouveaux !!!! episode 5, ['https://video.sibnet.ru/shell.php?videoid=5556657', 'https://vidmoly.to/embed-kwpwj0n1vjxw.html', 'https://sendvid.com/embed/l3uy8fsb']
2024-10-19 17:55:16,278 INFO - anime: tensei-shitara-slime-datta-ken saison 3 !!!! nouveaux !!!! episode 6, ['https://video.sibnet.ru/shell.php?videoid=5556652', 'https://vidmoly.to/embed-mr9nxgypmmzy.html', 'https://sendvid.com/embed/8ii9hlgd']
2024-10-19 17:55:16,279 INFO - anime: tensei-shitara-slime-datta-ken saison 3 !!!! nouveaux !!!! episode 7, ['https://video.sibnet.ru/shell.php?videoid=5563463', 'https://vidmoly.to/embed-zxk9i1e6wdh5.html', 'https://sendvid.com/embed/7x1pfh5x']
2024-10-19 17:55:16,279 INFO - anime: tensei-shitara-slime-datta-ken saison 3 !!!! nouveaux !!!! episode 8, ['https://video.sibnet.ru/shell.php?videoid=5571504', 'https://vidmoly.to/embed-oci10wd4tut7.html', 'https://sendvid.com/embed/g167p58z']
2024-10-19 17:55:16,280 INFO - anime: tensei-shitara-slime-datta-ken saison 3 !!!! nouveaux !!!! episode 9, ['https://video.sibnet.ru/shell.php?videoid=5579369', 'https://vidmoly.to/embed-c2aopdjmqktp.html', 'https://sendvid.com/embed/xgzj6vo3']
2024-10-19 17:55:16,280 INFO - anime: tensei-shitara-slime-datta-ken saison 3 !!!! nouveaux !!!! episode 10, ['https://video.sibnet.ru/shell.php?videoid=5588353', 'https://vidmoly.to/embed-719xvs7ahbfj.html', 'https://sendvid.com/embed/jz6ts062']
2024-10-19 17:55:16,281 INFO - anime: tensei-shitara-slime-datta-ken saison 3 !!!! nouveaux !!!! episode 11, ['https://video.sibnet.ru/shell.php?videoid=5594937', 'https://vidmoly.to/embed-941bwz4bbi80.html', 'https://sendvid.com/embed/164po4eg']
2024-10-19 17:55:16,282 INFO - anime: tensei-shitara-slime-datta-ken saison 3 !!!! nouveaux !!!! episode 12, ['https://video.sibnet.ru/shell.php?videoid=5602523', 'https://vidmoly.to/embed-cq2mhndpo6xu.html', 'https://sendvid.com/embed/fr8cqepz']
2024-10-19 17:55:16,283 INFO - anime: tensei-shitara-slime-datta-ken saison 3 !!!! nouveaux !!!! episode 13, ['https://video.sibnet.ru/shell.php?videoid=5617835', 'https://vidmoly.to/embed-9ksr7g4c119q.html', 'https://sendvid.com/embed/pnpaolbz']
2024-10-19 17:55:16,283 INFO - anime: tensei-shitara-slime-datta-ken saison 3 !!!! nouveaux !!!! episode 14, ['https://video.sibnet.ru/shell.php?videoid=5629271', 'https://vidmoly.to/embed-q43ijpb094qm.html', 'https://sendvid.com/embed/51c3sf37']
2024-10-19 17:55:16,284 INFO - anime: tensei-shitara-slime-datta-ken saison 3 !!!! nouveaux !!!! episode 15, ['https://video.sibnet.ru/shell.php?videoid=5629270', 'https://vidmoly.to/embed-xv1a2x34ekcn.html', 'https://sendvid.com/embed/z3b43nob']
2024-10-19 17:55:16,285 INFO - anime: tensei-shitara-slime-datta-ken saison 3 !!!! nouveaux !!!! episode 16, ['https://video.sibnet.ru/shell.php?videoid=5639811', 'https://vidmoly.to/embed-jxyun30dmwxd.html', 'https://sendvid.com/embed/vuuzwwc0']
2024-10-19 17:55:16,285 INFO - anime: tensei-shitara-slime-datta-ken saison 3 !!!! nouveaux !!!! episode 17, ['https://video.sibnet.ru/shell.php?videoid=5650390', 'https://vidmoly.to/embed-r2hysxvqz1v0.html', 'https://sendvid.com/embed/8qgtq8pn']
2024-10-19 17:55:16,286 INFO - anime: tensei-shitara-slime-datta-ken saison 3 !!!! nouveaux !!!! episode 18, ['https://video.sibnet.ru/shell.php?videoid=5657737', 'https://vidmoly.to/embed-4px0cql6x071.html', 'none']
2024-10-19 17:55:16,287 INFO - anime: tensei-shitara-slime-datta-ken saison 3 !!!! nouveaux !!!! episode 19, ['https://video.sibnet.ru/shell.php?videoid=5666159', 'https://vidmoly.to/embed-xheqe26s9l2i.html', 'https://sendvid.com/embed/dlj2g55r']
2024-10-19 17:55:16,287 INFO - anime: tensei-shitara-slime-datta-ken saison 3 !!!! nouveaux !!!! episode 20, ['https://video.sibnet.ru/shell.php?videoid=5684625', 'https://vidmoly.to/embed-ed1wsukrzx82.html', 'https://sendvid.com/embed/3tjeux99']
2024-10-19 17:55:16,289 INFO - anime: tensei-shitara-slime-datta-ken saison 3 !!!! nouveaux !!!! episode 21, ['https://video.sibnet.ru/shell.php?videoid=5702972', 'https://vidmoly.to/embed-4xdezbi9q910.html', 'https://sendvid.com/embed/1w38i7kg']
2024-10-19 17:55:16,289 INFO - anime: tensei-shitara-slime-datta-ken saison 3 !!!! nouveaux !!!! episode 22, ['https://video.sibnet.ru/shell.php?videoid=5703088', 'https://vidmoly.to/embed-krxkouy1gjxk.html', 'https://sendvid.com/embed/2009h4bs']
2024-10-19 17:55:16,290 INFO - anime: tensei-shitara-slime-datta-ken saison 3 !!!! nouveaux !!!! episode 23, ['https://video.sibnet.ru/shell.php?videoid=5712800', 'https://vidmoly.to/embed-7z5p6l3dnask.html', 'https://sendvid.com/embed/ukl7e7ji']
2024-10-19 17:55:16,290 INFO - anime: tensei-shitara-slime-datta-ken saison 3 !!!! nouveaux !!!! episode 24, ['https://video.sibnet.ru/shell.php?videoid=5721453', 'https://vidmoly.to/embed-6ztz0zj31r1d.html', 'https://sendvid.com/embed/84z5h11y']
2024-10-19 17:55:16,291 INFO - anime: tensei-shitara-slime-datta-ken saison 3 scan en terminer
2024-10-19 17:55:16,291 INFO - anime: 2.5-jigen-no-ririsa saison 1 scan en cour
2024-10-19 17:55:16,292 INFO - anime: 2.5-jigen-no-ririsa saison 1 url: https://anime-sama.fr/catalogue/2.5-jigen-no-ririsa/saison1/vostfr/
2024-10-19 17:55:16,754 INFO - anime: 2.5-jigen-no-ririsa saison 1 !!!! nouveaux !!!! episode 1, ['https://video.sibnet.ru/shell.php?videoid=5586966', 'https://vidmoly.to/embed-6jskj9kg7ina.html', 'https://sendvid.com/embed/bo0spsdo']
2024-10-19 17:55:16,755 INFO - anime: 2.5-jigen-no-ririsa saison 1 !!!! nouveaux !!!! episode 2, ['https://video.sibnet.ru/shell.php?videoid=5594490', 'https://vidmoly.to/embed-x27gtp3g59fc.html', 'https://sendvid.com/embed/pgqugwv5']
2024-10-19 17:55:16,756 INFO - anime: 2.5-jigen-no-ririsa saison 1 !!!! nouveaux !!!! episode 3, ['https://video.sibnet.ru/shell.php?videoid=5601997', 'https://vidmoly.to/embed-19mabe47345m.html', 'https://sendvid.com/embed/ngcn7lre']
2024-10-19 17:55:16,756 INFO - anime: 2.5-jigen-no-ririsa saison 1 !!!! nouveaux !!!! episode 4, ['https://video.sibnet.ru/shell.php?videoid=5610088', 'https://vidmoly.to/embed-11up1p38225z.html', 'https://sendvid.com/embed/m3pagekf']
2024-10-19 17:55:16,758 INFO - anime: 2.5-jigen-no-ririsa saison 1 !!!! nouveaux !!!! episode 5, ['https://video.sibnet.ru/shell.php?videoid=5618260', 'https://vidmoly.to/embed-m4lgo5g1t32l.html', 'https://sendvid.com/embed/49aotumt']
2024-10-19 17:55:16,759 INFO - anime: 2.5-jigen-no-ririsa saison 1 !!!! nouveaux !!!! episode 6, ['https://video.sibnet.ru/shell.php?videoid=5628478', 'https://vidmoly.to/embed-boh092i7snck.html', 'https://sendvid.com/embed/8h84faiq']
2024-10-19 17:55:16,759 INFO - anime: 2.5-jigen-no-ririsa saison 1 !!!! nouveaux !!!! episode 7, ['https://video.sibnet.ru/shell.php?videoid=5638813', 'https://vidmoly.to/embed-pgp69e6io22x.html', 'https://sendvid.com/embed/ya1gw6uf']
2024-10-19 17:55:16,759 INFO - anime: 2.5-jigen-no-ririsa saison 1 !!!! nouveaux !!!! episode 8, ['https://video.sibnet.ru/shell.php?videoid=5649690', 'https://vidmoly.to/embed-3atrhfcnxh73.html', 'https://sendvid.com/embed/ud1soerr']
2024-10-19 17:55:16,760 INFO - anime: 2.5-jigen-no-ririsa saison 1 !!!! nouveaux !!!! episode 9, ['https://video.sibnet.ru/shell.php?videoid=5657151', 'https://vidmoly.to/embed-rki5k4y4slll.html', 'https://sendvid.com/embed/5qy5h0m2']
2024-10-19 17:55:16,761 INFO - anime: 2.5-jigen-no-ririsa saison 1 !!!! nouveaux !!!! episode 10, ['https://video.sibnet.ru/shell.php?videoid=5665654', 'https://vidmoly.to/embed-615aw3vf1ve8.html', 'https://sendvid.com/embed/itoljdmc']
2024-10-19 17:55:16,761 INFO - anime: 2.5-jigen-no-ririsa saison 1 !!!! nouveaux !!!! episode 11, ['https://video.sibnet.ru/shell.php?videoid=5674886', 'https://vidmoly.to/embed-gpeam8m8orpc.html', 'https://sendvid.com/embed/mvo7ulf0']
2024-10-19 17:55:16,762 INFO - anime: 2.5-jigen-no-ririsa saison 1 !!!! nouveaux !!!! episode 12, ['https://video.sibnet.ru/shell.php?videoid=5683836', 'https://vidmoly.to/embed-as6mmufc5pft.html', 'https://sendvid.com/embed/pf4q8sef']
2024-10-19 17:55:16,763 INFO - anime: 2.5-jigen-no-ririsa saison 1 !!!! nouveaux !!!! episode 13, ['https://video.sibnet.ru/shell.php?videoid=5692810', 'https://vidmoly.to/embed-t9bvo4p2ueys.html', 'https://sendvid.com/embed/i7b7aif5']
2024-10-19 17:55:16,764 INFO - anime: 2.5-jigen-no-ririsa saison 1 !!!! nouveaux !!!! episode 14, ['https://video.sibnet.ru/shell.php?videoid=5701876', 'https://vidmoly.to/embed-zyffiyhged6s.html', 'https://sendvid.com/embed/duteqpll']
2024-10-19 17:55:16,764 INFO - anime: 2.5-jigen-no-ririsa saison 1 !!!! nouveaux !!!! episode 15, ['https://video.sibnet.ru/shell.php?videoid=5711812', 'https://vidmoly.to/embed-5g9indavbuwy.html', 'https://sendvid.com/embed/q7gkhobw']
2024-10-19 17:55:16,765 INFO - anime: 2.5-jigen-no-ririsa saison 1 !!!! nouveaux !!!! episode 16, ['https://video.sibnet.ru/shell.php?videoid=5720266', 'https://vidmoly.to/embed-0yakqcmhmocj.html', 'https://sendvid.com/embed/botfk0v3']
2024-10-19 17:55:16,766 INFO - anime: 2.5-jigen-no-ririsa saison 1 scan en terminer
2024-10-19 17:55:16,766 INFO - anime: bye-bye-earth saison 1 scan en cour
2024-10-19 17:55:16,767 INFO - anime: bye-bye-earth saison 1 url: https://anime-sama.fr/catalogue/bye-bye-earth/saison1/vostfr/
2024-10-19 17:55:17,261 INFO - anime: bye-bye-earth saison 1 !!!! nouveaux !!!! episode 1, ['https://video.sibnet.ru/shell.php?videoid=5594546', 'https://vidmoly.to/embed-rqkoojm4r0xs.html', 'https://sendvid.com/embed/kjywh9b8']
2024-10-19 17:55:17,262 INFO - anime: bye-bye-earth saison 1 !!!! nouveaux !!!! episode 2, ['https://video.sibnet.ru/shell.php?videoid=5602058', 'https://vidmoly.to/embed-vi0bup33nss7.html', 'https://sendvid.com/embed/0ea6uc6n']
2024-10-19 17:55:17,263 INFO - anime: bye-bye-earth saison 1 !!!! nouveaux !!!! episode 3, ['https://video.sibnet.ru/shell.php?videoid=5610176', 'https://vidmoly.to/embed-cza8gsshypdl.html', 'https://sendvid.com/embed/sr99379q']
2024-10-19 17:55:17,264 INFO - anime: bye-bye-earth saison 1 !!!! nouveaux !!!! episode 4, ['https://video.sibnet.ru/shell.php?videoid=5618340', 'https://vidmoly.to/embed-v8ahq6om8xfj.html', 'https://sendvid.com/embed/jcekfhj0']
2024-10-19 17:55:17,264 INFO - anime: bye-bye-earth saison 1 !!!! nouveaux !!!! episode 5, ['https://video.sibnet.ru/shell.php?videoid=5628711', 'https://vidmoly.to/embed-1mn6tmm9vbsb.html', 'https://sendvid.com/embed/uo6ph8h6']
2024-10-19 17:55:17,265 INFO - anime: bye-bye-earth saison 1 !!!! nouveaux !!!! episode 6, ['https://video.sibnet.ru/shell.php?videoid=5638947', 'https://vidmoly.to/embed-wn5f2eqswo77.html', 'https://sendvid.com/embed/4e43sp6p']
2024-10-19 17:55:17,266 INFO - anime: bye-bye-earth saison 1 !!!! nouveaux !!!! episode 7, ['https://video.sibnet.ru/shell.php?videoid=5649753', 'https://vidmoly.to/embed-68vg6pl0d1ot.html', 'https://sendvid.com/embed/f596txns']
2024-10-19 17:55:17,267 INFO - anime: bye-bye-earth saison 1 !!!! nouveaux !!!! episode 8, ['https://video.sibnet.ru/shell.php?videoid=5657261', 'https://vidmoly.to/embed-e07zjmfpwuom.html', 'https://sendvid.com/embed/asuo57vs']
2024-10-19 17:55:17,268 INFO - anime: bye-bye-earth saison 1 !!!! nouveaux !!!! episode 9, ['https://video.sibnet.ru/shell.php?videoid=5665751', 'https://vidmoly.to/embed-2s2pp598076s.html', 'https://sendvid.com/EMBED/k38vwypx']
2024-10-19 17:55:17,268 INFO - anime: bye-bye-earth saison 1 !!!! nouveaux !!!! episode 10, ['https://video.sibnet.ru/shell.php?videoid=5674969', 'https://vidmoly.to/embed-pyq36hsph97h.html', 'https://sendvid.com/embed/wms2dy6a']
2024-10-19 17:55:17,269 INFO - anime: bye-bye-earth saison 1 scan en terminer
2024-10-19 17:55:17,269 INFO - anime: the-elusive-samurai saison 1 scan en cour
2024-10-19 17:55:17,270 INFO - anime: the-elusive-samurai saison 1 url: https://anime-sama.fr/catalogue/the-elusive-samurai/saison1/vf/
2024-10-19 17:55:17,577 INFO - anime: the-elusive-samurai saison 1 !!!! nouveaux !!!! episode 1, ['https://video.sibnet.ru/shell.php?videoid=5641057', 'https://vidmoly.to/embed-u9z0q2je36bg.html', 'https://sendvid.com/embed/esj76hr9']
2024-10-19 17:55:17,577 INFO - anime: the-elusive-samurai saison 1 !!!! nouveaux !!!! episode 2, ['https://video.sibnet.ru/shell.php?videoid=5651397', 'https://vidmoly.to/embed-fk8jlby1nf7s.html', 'https://sendvid.com/embed/mrtn6hkg']
2024-10-19 17:55:17,579 INFO - anime: the-elusive-samurai saison 1 !!!! nouveaux !!!! episode 3, ['https://video.sibnet.ru/shell.php?videoid=5659762', 'https://vidmoly.to/embed-aj20vv6fs7pb.html', 'https://sendvid.com/embed/jkr6yvgp']
2024-10-19 17:55:17,580 INFO - anime: the-elusive-samurai saison 1 !!!! nouveaux !!!! episode 4, ['https://video.sibnet.ru/shell.php?videoid=5668469', 'https://vidmoly.to/embed-qkocdjwguo3g.html', 'https://sendvid.com/embed/zft1hlew']
2024-10-19 17:55:17,580 INFO - anime: the-elusive-samurai saison 1 !!!! nouveaux !!!! episode 5, ['https://video.sibnet.ru/shell.php?videoid=5677595', 'https://vidmoly.to/embed-mxjywwlhnbm0.html', 'https://sendvid.com/embed/drywel2h']
2024-10-19 17:55:17,581 INFO - anime: the-elusive-samurai saison 1 !!!! nouveaux !!!! episode 6, ['https://video.sibnet.ru/shell.php?videoid=5687722', 'https://vidmoly.to/embed-e5v17atkymog.html', 'https://sendvid.com/embed/0b6tk1la']
2024-10-19 17:55:17,582 INFO - anime: the-elusive-samurai saison 1 !!!! nouveaux !!!! episode 7, ['https://video.sibnet.ru/shell.php?videoid=5695676', 'https://vidmoly.to/embed-lnqdm7eo272x.html', 'https://sendvid.com/embed/y3p8n32z']
2024-10-19 17:55:17,583 INFO - anime: the-elusive-samurai saison 1 !!!! nouveaux !!!! episode 8, ['https://video.sibnet.ru/shell.php?videoid=5703686', 'https://vidmoly.to/embed-jhemdh3b75r7.html', 'https://sendvid.com/embed/v4wfveel']
2024-10-19 17:55:17,583 INFO - anime: the-elusive-samurai saison 1 !!!! nouveaux !!!! episode 9, ['https://video.sibnet.ru/shell.php?videoid=5714225', 'https://vidmoly.to/embed-v2je3t2wj72i.html', 'https://sendvid.com/embed/yusmbujd']
2024-10-19 17:55:17,584 INFO - anime: the-elusive-samurai saison 1 scan en terminer
2024-10-19 17:55:17,585 INFO - anime: demon-lord-retry saison 2 scan en cour
2024-10-19 17:55:17,585 INFO - anime: demon-lord-retry saison 2 url: https://anime-sama.fr/catalogue/demon-lord-retry/saison2/vostfr/
2024-10-19 17:55:17,957 INFO - anime: demon-lord-retry saison 2 !!!! nouveaux !!!! episode 1, ['https://video.sibnet.ru/shell.php?videoid=5694127', 'https://vidmoly.to/embed-3grrkg3weddp.html', 'https://sendvid.com/embed/enhtyicq']
2024-10-19 17:55:17,958 INFO - anime: demon-lord-retry saison 2 !!!! nouveaux !!!! episode 2, ['https://video.sibnet.ru/shell.php?videoid=5703092', 'https://vidmoly.to/embed-4zvoq7mico8q.html', 'https://sendvid.com/embed/xd5drciy']
2024-10-19 17:55:17,958 INFO - anime: demon-lord-retry saison 2 !!!! nouveaux !!!! episode 3, ['https://video.sibnet.ru/shell.php?videoid=5713021', 'https://vidmoly.to/embed-2gmo8bif40wr.html', 'https://sendvid.com/embed/eff4nxo1']
2024-10-19 17:55:17,959 INFO - anime: demon-lord-retry saison 2 !!!! nouveaux !!!! episode 4, ['https://video.sibnet.ru/shell.php?videoid=5721894', 'https://vidmoly.to/embed-w5bqypalgmel.html', 'https://sendvid.com/embed/rezfqbxh']
2024-10-19 17:55:17,959 INFO - anime: demon-lord-retry saison 2 scan en terminer
2024-10-19 17:55:17,960 INFO - anime: true-beauty saison 1 scan en cour
2024-10-19 17:55:17,960 INFO - anime: true-beauty saison 1 url: https://anime-sama.fr/catalogue/true-beauty/saison1/vf/
2024-10-19 17:55:18,339 INFO - anime: true-beauty saison 1 !!!! nouveaux !!!! episode 1, ['https://video.sibnet.ru/shell.php?videoid=5656560', 'https://vidmoly.to/embed-j3kkk6fdvlqx.html', 'https://sendvid.com/embed/x9kjofxr']
2024-10-19 17:55:18,341 INFO - anime: true-beauty saison 1 !!!! nouveaux !!!! episode 2, ['https://video.sibnet.ru/shell.php?videoid=5663940', 'https://vidmoly.to/embed-ndpvjzlia6ql.html', 'https://sendvid.com/embed/4tj22e3b']
2024-10-19 17:55:18,342 INFO - anime: true-beauty saison 1 !!!! nouveaux !!!! episode 3, ['https://video.sibnet.ru/shell.php?videoid=5673220', 'https://vidmoly.to/embed-krm0d6l825kx.html', 'https://sendvid.com/embed/4t1redx2']
2024-10-19 17:55:18,343 INFO - anime: true-beauty saison 1 !!!! nouveaux !!!! episode 4, ['https://video.sibnet.ru/shell.php?videoid=5682527', 'https://vidmoly.to/embed-bvhaggwjx47w.html', 'https://sendvid.com/embed/ypmvp0ez']
2024-10-19 17:55:18,343 INFO - anime: true-beauty saison 1 !!!! nouveaux !!!! episode 5, ['https://video.sibnet.ru/shell.php?videoid=5692251', 'https://vidmoly.to/embed-2xluoxhm49yg.html', 'https://sendvid.com/embed/anw8imnm']
2024-10-19 17:55:18,344 INFO - anime: true-beauty saison 1 !!!! nouveaux !!!! episode 6, ['https://video.sibnet.ru/shell.php?videoid=5702391', 'https://vidmoly.to/embed-ayf7149z5icg.html', 'https://sendvid.com/embed/mfhphuf2']
2024-10-19 17:55:18,345 INFO - anime: true-beauty saison 1 !!!! nouveaux !!!! episode 7, ['https://video.sibnet.ru/shell.php?videoid=5710994', 'https://vidmoly.to/embed-clgn28g6icbs.html', 'https://sendvid.com/embed/zqw1190f']
2024-10-19 17:55:18,346 INFO - anime: true-beauty saison 1 !!!! nouveaux !!!! episode 8, ['https://video.sibnet.ru/shell.php?videoid=5718948', 'https://vidmoly.to/embed-4p8156vnl1i2.html', 'https://sendvid.com/embed/jo8n205q']
2024-10-19 17:55:18,347 INFO - anime: true-beauty saison 1 scan en terminer
2024-10-19 17:55:18,347 INFO - anime: demon-slayer saison 4 scan en cour
2024-10-19 17:55:18,348 INFO - anime: demon-slayer saison 4 url: https://anime-sama.fr/catalogue/demon-slayer/saison4/vf/
2024-10-19 17:55:18,668 INFO - anime: demon-slayer saison 4 !!!! nouveaux !!!! episode 1, ['https://video.sibnet.ru/shell.php?videoid=5558735', 'https://vidmoly.to/embed-d3sfm6q5fofp.html', 'https://sendvid.com/embed/ee9osxi4']
2024-10-19 17:55:18,668 INFO - anime: demon-slayer saison 4 !!!! nouveaux !!!! episode 2, ['https://video.sibnet.ru/shell.php?videoid=5565316', 'https://vidmoly.to/embed-pinlkzlcbuhd.html', 'https://sendvid.com/embed/6jpm21le']
2024-10-19 17:55:18,670 INFO - anime: demon-slayer saison 4 !!!! nouveaux !!!! episode 3, ['https://video.sibnet.ru/shell.php?videoid=5574503', 'https://vidmoly.to/embed-fskh6s3h4pzd.html', 'https://sendvid.com/embed/p9llsft8']
2024-10-19 17:55:18,671 INFO - anime: demon-slayer saison 4 !!!! nouveaux !!!! episode 4, ['https://video.sibnet.ru/shell.php?videoid=5582223', 'https://vidmoly.to/embed-97wjn60fn45t.html', 'https://sendvid.com/embed/ezcsfiie']
2024-10-19 17:55:18,671 INFO - anime: demon-slayer saison 4 !!!! nouveaux !!!! episode 5, ['https://video.sibnet.ru/shell.php?videoid=5589758', 'https://vidmoly.to/embed-klgwwctlf1k2.html', 'https://sendvid.com/embed/5axskaw3']
2024-10-19 17:55:18,672 INFO - anime: demon-slayer saison 4 !!!! nouveaux !!!! episode 6, ['https://video.sibnet.ru/shell.php?videoid=5597263', 'https://vidmoly.to/embed-v5siu2qsa4yh.html', 'https://sendvid.com/embed/mtbyfvz6']
2024-10-19 17:55:18,672 INFO - anime: demon-slayer saison 4 !!!! nouveaux !!!! episode 7, ['https://video.sibnet.ru/shell.php?videoid=5606165', 'https://vidmoly.to/embed-75ysiij0bws8.html', 'none']
2024-10-19 17:55:18,673 INFO - anime: demon-slayer saison 4 !!!! nouveaux !!!! episode 8, ['https://video.sibnet.ru/shell.php?videoid=5613056', 'https://vidmoly.to/embed-k4fog6inw64w.html', 'https://sendvid.com/embed/r66k21e3']
2024-10-19 17:55:18,674 INFO - anime: demon-slayer saison 4 scan en terminer
2024-10-19 17:55:18,675 INFO - anime: tensei-kizoku-kantei-skill-de-nariagaru saison 2 scan en cour
2024-10-19 17:55:18,675 INFO - anime: tensei-kizoku-kantei-skill-de-nariagaru saison 2 url: https://anime-sama.fr/catalogue/tensei-kizoku-kantei-skill-de-nariagaru/saison2/vostfr/
2024-10-19 17:55:18,975 INFO - anime: tensei-kizoku-kantei-skill-de-nariagaru saison 2 !!!! nouveaux !!!! episode 1, ['https://video.sibnet.ru/shell.php?videoid=5695760', 'https://vidmoly.to/embed-11e2bd698835.html', 'https://sendvid.com/embed/b0uyx9fj']
2024-10-19 17:55:18,975 INFO - anime: tensei-kizoku-kantei-skill-de-nariagaru saison 2 !!!! nouveaux !!!! episode 2, ['https://video.sibnet.ru/shell.php?videoid=5704659', 'https://vidmoly.to/embed-6scbq8unbd2q.html', 'https://sendvid.com/embed/7ejgzjsu']
2024-10-19 17:55:18,976 INFO - anime: tensei-kizoku-kantei-skill-de-nariagaru saison 2 !!!! nouveaux !!!! episode 3, ['https://video.sibnet.ru/shell.php?videoid=5714409', 'https://vidmoly.to/embed-3mlogwsats26.html', 'https://sendvid.com/embed/lzb3d0uo']
2024-10-19 17:55:18,976 INFO - anime: tensei-kizoku-kantei-skill-de-nariagaru saison 2 scan en terminer
2024-10-19 17:55:18,977 INFO - anime: let-this-grieving-soul-retire saison 1 scan en cour
2024-10-19 17:55:18,977 INFO - anime: let-this-grieving-soul-retire saison 1 url: https://anime-sama.fr/catalogue/let-this-grieving-soul-retire/saison1/vostfr/
2024-10-19 17:55:19,294 INFO - anime: let-this-grieving-soul-retire saison 1 !!!! nouveaux !!!! episode 1, ['https://video.sibnet.ru/shell.php?videoid=5695762', 'https://vidmoly.to/embed-1exbmvn4vpm6.html', 'https://sendvid.com/embed/zbqn26pp']
2024-10-19 17:55:19,295 INFO - anime: let-this-grieving-soul-retire saison 1 !!!! nouveaux !!!! episode 2, ['https://video.sibnet.ru/shell.php?videoid=5704676', 'https://vidmoly.to/embed-b6h1exa8shby.html', 'none']
2024-10-19 17:55:19,296 INFO - anime: let-this-grieving-soul-retire saison 1 !!!! nouveaux !!!! episode 3, ['https://video.sibnet.ru/shell.php?videoid=5714427', 'https://vidmoly.to/embed-usew0rfn7szc.html', 'https://sendvid.com/embed/94jpi6gg']
2024-10-19 17:55:19,296 INFO - anime: let-this-grieving-soul-retire saison 1 scan en terminer
2024-10-19 17:55:19,297 INFO - anime: danmachi saison 5 scan en cour
2024-10-19 17:55:19,297 INFO - anime: danmachi saison 5 url: https://anime-sama.fr/catalogue/danmachi/saison5/vostfr/
2024-10-19 17:55:19,604 INFO - anime: danmachi saison 5 !!!! nouveaux !!!! episode 1, ['https://video.sibnet.ru/shell.php?videoid=5700513', 'https://vidmoly.to/embed-9m6hjsu4m8r9.html', 'https://sendvid.com/embed/gr7dtto0']
2024-10-19 17:55:19,605 INFO - anime: danmachi saison 5 !!!! nouveaux !!!! episode 2, ['https://video.sibnet.ru/shell.php?videoid=5710513', 'https://vidmoly.to/embed-zfoa0mp7nu0q.html', 'https://sendvid.com/embed/kiu2vt13']
2024-10-19 17:55:19,606 INFO - anime: danmachi saison 5 !!!! nouveaux !!!! episode 3, ['https://video.sibnet.ru/shell.php?videoid=5719038', 'https://vidmoly.to/embed-282z4ve2sbba.html', 'https://sendvid.com/embed/cvhjnfmk']
2024-10-19 17:55:19,606 INFO - anime: danmachi saison 5 scan en terminer
2024-10-19 17:55:19,607 INFO - anime: amagami-san-chi-no-enmusubi saison 1 scan en cour
2024-10-19 17:55:19,608 INFO - anime: amagami-san-chi-no-enmusubi saison 1 url: https://anime-sama.fr/catalogue/amagami-san-chi-no-enmusubi/saison1/vostfr/
2024-10-19 17:55:19,976 INFO - anime: amagami-san-chi-no-enmusubi saison 1 !!!! nouveaux !!!! episode 1, ['https://video.sibnet.ru/shell.php?videoid=5699478', 'https://vidmoly.to/embed-a30x3med882l.html', 'https://sendvid.com/embed/balvypnk']
2024-10-19 17:55:19,978 INFO - anime: amagami-san-chi-no-enmusubi saison 1 !!!! nouveaux !!!! episode 2, ['https://video.sibnet.ru/shell.php?videoid=5707586', 'https://vidmoly.to/embed-q7lebxntu2qj.html', 'https://sendvid.com/embed/8pgih111']
2024-10-19 17:55:19,978 INFO - anime: amagami-san-chi-no-enmusubi saison 1 !!!! nouveaux !!!! episode 3, ['https://video.sibnet.ru/shell.php?videoid=5717100', 'https://vidmoly.to/embed-ti74xv6cvpdm.html', 'https://sendvid.com/embed/u8z8w88c']
2024-10-19 17:55:19,979 INFO - anime: amagami-san-chi-no-enmusubi saison 1 scan en terminer
2024-10-19 17:55:19,979 INFO - anime: ill-become-a-villainess-that-will-go-down-in-history saison 1 scan en cour
2024-10-19 17:55:19,980 INFO - anime: ill-become-a-villainess-that-will-go-down-in-history saison 1 url: https://anime-sama.fr/catalogue/ill-become-a-villainess-that-will-go-down-in-history/saison1/vostfr/
2024-10-19 17:55:20,353 INFO - anime: ill-become-a-villainess-that-will-go-down-in-history saison 1 !!!! nouveaux !!!! episode 1, ['https://video.sibnet.ru/shell.php?videoid=5699484', 'https://vidmoly.to/embed-kcpz9e55mtev.html', 'https://sendvid.com/embed/9l5n2pz7']
2024-10-19 17:55:20,354 INFO - anime: ill-become-a-villainess-that-will-go-down-in-history saison 1 !!!! nouveaux !!!! episode 2, ['https://video.sibnet.ru/shell.php?videoid=5707515', 'https://vidmoly.to/embed-pll8p6lfv2jy.html', 'https://sendvid.com/embed/azutws30']
2024-10-19 17:55:20,355 INFO - anime: ill-become-a-villainess-that-will-go-down-in-history saison 1 !!!! nouveaux !!!! episode 3, ['https://video.sibnet.ru/shell.php?videoid=5717103', 'https://vidmoly.to/embed-ssumeynxbzh6.html', 'https://sendvid.com/embed/qry54hl9']
2024-10-19 17:55:20,355 INFO - anime: ill-become-a-villainess-that-will-go-down-in-history saison 1 scan en terminer
2024-10-19 17:55:20,356 INFO - anime: blue-exorcist saison 4 scan en cour
2024-10-19 17:55:20,356 INFO - anime: blue-exorcist saison 4 url: https://anime-sama.fr/catalogue/blue-exorcist/saison4/vf/
2024-10-19 17:55:20,586 WARNING - anime: blue-exorcist saison 4 url not work: https://anime-sama.fr/catalogue/blue-exorcist/saison4/vf/
2024-10-19 17:55:20,586 INFO - anime: blue-exorcist saison 4 scan en terminer
2024-10-19 17:55:20,588 INFO - anime: blue-box saison 1 scan en cour
2024-10-19 17:55:20,588 INFO - anime: blue-box saison 1 url: https://anime-sama.fr/catalogue/blue-box/saison1/vostfr/
2024-10-19 17:55:20,916 INFO - anime: blue-box saison 1 !!!! nouveaux !!!! episode 1, ['https://video.sibnet.ru/shell.php?videoid=5700661', 'https://vidmoly.to/embed-vc5459pw12xy.html', 'https://sendvid.com/embed/e68baxr8']
2024-10-19 17:55:20,916 INFO - anime: blue-box saison 1 !!!! nouveaux !!!! episode 2, ['https://video.sibnet.ru/shell.php?videoid=5710671', 'https://vidmoly.to/embed-rbtyovtf9ppc.html', 'https://sendvid.com/embed/fj0erag3']
2024-10-19 17:55:20,917 INFO - anime: blue-box saison 1 !!!! nouveaux !!!! episode 3, ['https://video.sibnet.ru/shell.php?videoid=5719166', 'https://vidmoly.to/embed-zennivn9z27z.html', 'https://sendvid.com/embed/n4wlg731']
2024-10-19 17:55:20,918 INFO - anime: blue-box saison 1 scan en terminer
2024-10-19 17:55:20,918 INFO - anime: 365-days-to-the-wedding saison 1 scan en cour
2024-10-19 17:55:20,919 INFO - anime: 365-days-to-the-wedding saison 1 url: https://anime-sama.fr/catalogue/365-days-to-the-wedding/saison1/vostfr/
2024-10-19 17:55:21,327 INFO - anime: 365-days-to-the-wedding saison 1 !!!! nouveaux !!!! episode 1, ['https://video.sibnet.ru/shell.php?videoid=5700596', 'https://vidmoly.to/embed-nz0p4s667u1o.html', 'https://sendvid.com/embed/4dhdt75q']
2024-10-19 17:55:21,328 INFO - anime: 365-days-to-the-wedding saison 1 !!!! nouveaux !!!! episode 2, ['https://video.sibnet.ru/shell.php?videoid=5710638', 'https://vidmoly.to/embed-wmdxy9c9ccjg.html', 'https://sendvid.com/embed/cb3yya8t']
2024-10-19 17:55:21,329 INFO - anime: 365-days-to-the-wedding saison 1 !!!! nouveaux !!!! episode 3, ['https://video.sibnet.ru/shell.php?videoid=5719128', 'https://vidmoly.to/embed-wskrclkizsag.html', 'https://sendvid.com/embed/lzm4fhnv']
2024-10-19 17:55:21,329 INFO - anime: 365-days-to-the-wedding saison 1 scan en terminer
2024-10-19 17:55:21,330 INFO - anime: criminelles-fiancailles saison 1 scan en cour
2024-10-19 17:55:21,331 INFO - anime: criminelles-fiancailles saison 1 url: https://anime-sama.fr/catalogue/criminelles-fiancailles/saison1/vostfr/
2024-10-19 17:55:21,704 INFO - anime: criminelles-fiancailles saison 1 !!!! nouveaux !!!! episode 1, ['https://video.sibnet.ru/shell.php?videoid=5706171', 'https://vidmoly.to/embed-374pdd5la1bc.html', 'https://sendvid.com/embed/xa1zxjvx']
2024-10-19 17:55:21,705 INFO - anime: criminelles-fiancailles saison 1 !!!! nouveaux !!!! episode 2, ['https://video.sibnet.ru/shell.php?videoid=5715766', 'https://vidmoly.to/embed-hbbinpbm8idq.html', 'https://sendvid.com/embed/xcxt7iq2']
2024-10-19 17:55:21,705 INFO - anime: criminelles-fiancailles saison 1 scan en terminer
2024-10-19 17:55:21,706 INFO - anime: seirei-gensouki-spirit-chronicles saison 2 scan en cour
2024-10-19 17:55:21,706 INFO - anime: seirei-gensouki-spirit-chronicles saison 2 url: https://anime-sama.fr/catalogue/seirei-gensouki-spirit-chronicles/saison2/vostfr/
2024-10-19 17:55:22,073 INFO - anime: seirei-gensouki-spirit-chronicles saison 2 !!!! nouveaux !!!! episode 1, ['https://video.sibnet.ru/shell.php?videoid=5706489', 'https://vidmoly.to/embed-26d4puhdtt7c.html', 'https://sendvid.com/embed/c69zf4kl']
2024-10-19 17:55:22,074 INFO - anime: seirei-gensouki-spirit-chronicles saison 2 !!!! nouveaux !!!! episode 2, ['https://video.sibnet.ru/shell.php?videoid=5716170', 'https://vidmoly.to/embed-77byj4ptrfzp.html', 'https://sendvid.com/embed/h1xz6304']
2024-10-19 17:55:22,074 INFO - anime: seirei-gensouki-spirit-chronicles saison 2 scan en terminer
2024-10-19 17:55:22,075 INFO - anime: dandadan saison 1 scan en cour
2024-10-19 17:55:22,075 INFO - anime: dandadan saison 1 url: https://anime-sama.fr/catalogue/dandadan/saison1/vf2/
2024-10-19 17:55:22,440 INFO - anime: dandadan saison 1 !!!! nouveaux !!!! episode 1, ['https://video.sibnet.ru/shell.php?videoid=5700630', 'https://vidmoly.to/embed-x930et4kebxj.html', 'none']
2024-10-19 17:55:22,441 INFO - anime: dandadan saison 1 !!!! nouveaux !!!! episode 2, ['https://video.sibnet.ru/shell.php?videoid=5710691', 'https://vidmoly.to/embed-mqj1d4buntek.html', 'none']
2024-10-19 17:55:22,442 INFO - anime: dandadan saison 1 !!!! nouveaux !!!! episode 3, ['https://video.sibnet.ru/shell.php?videoid=5719180', 'https://vidmoly.to/embed-eipv5n71qh4x.html', 'none']
2024-10-19 17:55:22,442 INFO - anime: dandadan saison 1 scan en terminer
2024-10-19 17:55:22,443 INFO - anime: sayonara-ryuusei-konnichiwa-jinsei saison 1 scan en cour
2024-10-19 17:55:22,444 INFO - anime: sayonara-ryuusei-konnichiwa-jinsei saison 1 url: https://anime-sama.fr/catalogue/sayonara-ryuusei-konnichiwa-jinsei/saison1/vostfr/
2024-10-19 17:55:22,798 INFO - anime: sayonara-ryuusei-konnichiwa-jinsei saison 1 !!!! nouveaux !!!! episode 1, ['https://video.sibnet.ru/shell.php?videoid=5700768', 'https://vidmoly.to/embed-p8tvmwp5jf7b.html', 'https://sendvid.com/embed/y9x2adpx']
2024-10-19 17:55:22,798 INFO - anime: sayonara-ryuusei-konnichiwa-jinsei saison 1 !!!! nouveaux !!!! episode 2, ['https://video.sibnet.ru/shell.php?videoid=5710748', 'https://vidmoly.to/embed-fpfzm6opo30v.html', 'https://sendvid.com/embed/zv7ms883']
2024-10-19 17:55:22,799 INFO - anime: sayonara-ryuusei-konnichiwa-jinsei saison 1 !!!! nouveaux !!!! episode 3, ['https://video.sibnet.ru/shell.php?videoid=5719254', 'https://vidmoly.to/embed-8q3cjom415xm.html', 'https://sendvid.com/embed/vr3sdgra']
2024-10-19 17:55:22,799 INFO - anime: sayonara-ryuusei-konnichiwa-jinsei saison 1 scan en terminer
2024-10-19 17:55:22,799 INFO - anime: le-puissant-dragon-vegan saison 2 scan en cour
2024-10-19 17:55:22,800 INFO - anime: le-puissant-dragon-vegan saison 2 url: https://anime-sama.fr/catalogue/le-puissant-dragon-vegan/saison2/vostfr/
2024-10-19 17:55:23,154 INFO - anime: le-puissant-dragon-vegan saison 2 !!!! nouveaux !!!! episode 1, ['https://video.sibnet.ru/shell.php?videoid=5700103', 'https://vidmoly.to/embed-tulwpukmgjmp.html', 'https://sendvid.com/embed/ebom0bxa']
2024-10-19 17:55:23,155 INFO - anime: le-puissant-dragon-vegan saison 2 !!!! nouveaux !!!! episode 2, ['https://video.sibnet.ru/shell.php?videoid=5700105', 'https://vidmoly.to/embed-21y0gck7hrhd.html', 'https://sendvid.com/embed/91b6wiq2']
2024-10-19 17:55:23,156 INFO - anime: le-puissant-dragon-vegan saison 2 !!!! nouveaux !!!! episode 3, ['https://video.sibnet.ru/shell.php?videoid=5708565', 'https://vidmoly.to/embed-20ac5bim8mbl.html', 'https://sendvid.com/embed/i5bk6z4d']
2024-10-19 17:55:23,157 INFO - anime: le-puissant-dragon-vegan saison 2 !!!! nouveaux !!!! episode 4, ['https://video.sibnet.ru/shell.php?videoid=5717791', 'https://vidmoly.to/embed-f5s4z4ax2xs7.html', 'https://sendvid.com/embed/hlcr7ug4']
2024-10-19 17:55:23,157 INFO - anime: le-puissant-dragon-vegan saison 2 scan en terminer
2024-10-19 17:55:23,158 INFO - anime: kimi-wa-maid-sama saison 1 scan en cour
2024-10-19 17:55:23,159 INFO - anime: kimi-wa-maid-sama saison 1 url: https://anime-sama.fr/catalogue/kimi-wa-maid-sama/saison1/vostfr/
2024-10-19 17:55:23,546 INFO - anime: kimi-wa-maid-sama saison 1 !!!! nouveaux !!!! episode 1, ['https://video.sibnet.ru/shell.php?videoid=5703632', 'https://vidmoly.to/embed-tdomneddg24p.html', 'https://sendvid.com/embed/1mp5x84r']
2024-10-19 17:55:23,547 INFO - anime: kimi-wa-maid-sama saison 1 !!!! nouveaux !!!! episode 2, ['https://video.sibnet.ru/shell.php?videoid=5713266', 'https://vidmoly.to/embed-320opobt1ony.html', 'https://sendvid.com/embed/6skf67g6']
2024-10-19 17:55:23,547 INFO - anime: kimi-wa-maid-sama saison 1 scan en terminer
2024-10-19 17:55:23,549 INFO - anime: the-most-notorious-talker saison 1 scan en cour
2024-10-19 17:55:23,549 INFO - anime: the-most-notorious-talker saison 1 url: https://anime-sama.fr/catalogue/the-most-notorious-talker/saison1/vostfr/
2024-10-19 17:55:23,999 INFO - anime: the-most-notorious-talker saison 1 !!!! nouveaux !!!! episode 1, ['https://video.sibnet.ru/shell.php?videoid=5696848', 'https://vidmoly.to/embed-ke5ymg2xgcg5.html', 'https://sendvid.com/embed/shs7maz8']
2024-10-19 17:55:24,000 INFO - anime: the-most-notorious-talker saison 1 !!!! nouveaux !!!! episode 2, ['https://video.sibnet.ru/shell.php?videoid=5706258', 'https://vidmoly.to/embed-baks9vcanl07.html', 'https://sendvid.com/embed/11yqp3e2']
2024-10-19 17:55:24,000 INFO - anime: the-most-notorious-talker saison 1 !!!! nouveaux !!!! episode 3, ['https://video.sibnet.ru/shell.php?videoid=5715967', 'https://vidmoly.to/embed-v1g4eetl18kn.html', 'https://sendvid.com/embed/ic96br0r']
2024-10-19 17:55:24,001 INFO - anime: the-most-notorious-talker saison 1 scan en terminer
2024-10-19 17:55:24,002 INFO - anime: the-do-over-damsel-conquers-the-dragon-emperor saison 1 scan en cour
2024-10-19 17:55:24,003 INFO - anime: the-do-over-damsel-conquers-the-dragon-emperor saison 1 url: https://anime-sama.fr/catalogue/the-do-over-damsel-conquers-the-dragon-emperor/saison1/vostfr/
2024-10-19 17:55:24,425 INFO - anime: the-do-over-damsel-conquers-the-dragon-emperor saison 1 !!!! nouveaux !!!! episode 1, ['https://video.sibnet.ru/shell.php?videoid=5708884', 'https://vidmoly.to/embed-zus585i69j8a.html', 'https://sendvid.com/embed/0h6jylm9']
2024-10-19 17:55:24,426 INFO - anime: the-do-over-damsel-conquers-the-dragon-emperor saison 1 !!!! nouveaux !!!! episode 2, ['https://video.sibnet.ru/shell.php?videoid=5718008', 'https://vidmoly.to/embed-y69pshif0n0l.html', 'https://sendvid.com/embed/ow2inskd']
2024-10-19 17:55:24,426 INFO - anime: the-do-over-damsel-conquers-the-dragon-emperor saison 1 scan en terminer
2024-10-19 17:55:24,427 INFO - anime: delicos-nursery saison 1 scan en cour
2024-10-19 17:55:24,427 INFO - anime: delicos-nursery saison 1 url: https://anime-sama.fr/catalogue/delicos-nursery/saison1/vostfr/
2024-10-19 17:55:24,818 INFO - anime: delicos-nursery saison 1 !!!! nouveaux !!!! episode 1, ['https://video.sibnet.ru/shell.php?videoid=5626906', 'https://vidmoly.to/embed-s13xucc46qwo.html', 'https://sendvid.com/embed/7q2gdlq1']
2024-10-19 17:55:24,818 INFO - anime: delicos-nursery saison 1 !!!! nouveaux !!!! episode 2, ['https://video.sibnet.ru/shell.php?videoid=5640097', 'https://vidmoly.to/embed-8nwkeu4awge5.html', 'https://sendvid.com/embed/i9f0gp04']
2024-10-19 17:55:24,819 INFO - anime: delicos-nursery saison 1 !!!! nouveaux !!!! episode 3, ['https://video.sibnet.ru/shell.php?videoid=5647463', 'https://vidmoly.to/embed-3yqdyx9iy8ay.html', 'https://sendvid.com/embed/w4zio26k']
2024-10-19 17:55:24,819 INFO - anime: delicos-nursery saison 1 !!!! nouveaux !!!! episode 4, ['https://video.sibnet.ru/shell.php?videoid=5654817', 'https://vidmoly.to/embed-2dyzb1v2cavc.html', 'https://sendvid.com/embed/6ib2zzj4']
2024-10-19 17:55:24,820 INFO - anime: delicos-nursery saison 1 !!!! nouveaux !!!! episode 5, ['https://video.sibnet.ru/shell.php?videoid=5663269', 'https://vidmoly.to/embed-9bjq7yddkwz2.html', 'https://sendvid.com/embed/grm60xg1']
2024-10-19 17:55:24,822 INFO - anime: delicos-nursery saison 1 !!!! nouveaux !!!! episode 6, ['https://video.sibnet.ru/shell.php?videoid=5672169', 'https://vidmoly.to/embed-wf76sfarvb4l.html', 'https://sendvid.com/embed/4qc8l236']
2024-10-19 17:55:24,822 INFO - anime: delicos-nursery saison 1 !!!! nouveaux !!!! episode 7, ['https://video.sibnet.ru/shell.php?videoid=5718242', 'https://vidmoly.to/embed-fgx1j0ctds2t.html', 'https://sendvid.com/embed/3xuotb9u']
2024-10-19 17:55:24,823 INFO - anime: delicos-nursery saison 1 scan en terminer
2024-10-19 17:55:24,824 INFO - anime: shangri-la-frontier saison 2 scan en cour
2024-10-19 17:55:24,824 INFO - anime: shangri-la-frontier saison 2 url: https://anime-sama.fr/catalogue/shangri-la-frontier/saison2/vf/
2024-10-19 17:55:24,976 WARNING - anime: shangri-la-frontier saison 2 url not work: https://anime-sama.fr/catalogue/shangri-la-frontier/saison2/vf/
2024-10-19 17:55:24,976 INFO - anime: shangri-la-frontier saison 2 scan en terminer
2024-10-19 17:55:24,977 INFO - anime: loner-life-in-another-world saison 1 scan en cour
2024-10-19 17:55:24,977 INFO - anime: loner-life-in-another-world saison 1 url: https://anime-sama.fr/catalogue/loner-life-in-another-world/saison1/vostfr/
2024-10-19 17:55:25,381 INFO - anime: loner-life-in-another-world saison 1 !!!! nouveaux !!!! episode 1, ['https://video.sibnet.ru/shell.php?videoid=5692263', 'https://vidmoly.to/embed-xjdm2rh6dvc1.html', 'https://sendvid.com/embed/blw2zsp7']
2024-10-19 17:55:25,382 INFO - anime: loner-life-in-another-world saison 1 !!!! nouveaux !!!! episode 2, ['https://video.sibnet.ru/shell.php?videoid=5700576', 'https://vidmoly.to/embed-jktk2gckv7l4.html', 'https://sendvid.com/embed/pm7edm1w']
2024-10-19 17:55:25,383 INFO - anime: loner-life-in-another-world saison 1 !!!! nouveaux !!!! episode 3, ['https://video.sibnet.ru/shell.php?videoid=5710625', 'https://vidmoly.to/embed-519abgnu0i4v.html', 'https://sendvid.com/embed/2qmrc6wt']
2024-10-19 17:55:25,384 INFO - anime: loner-life-in-another-world saison 1 !!!! nouveaux !!!! episode 4, ['https://video.sibnet.ru/shell.php?videoid=5719110', 'https://vidmoly.to/embed-tln7hj1936rj.html', 'https://sendvid.com/embed/ped7jf5l']
2024-10-19 17:55:25,384 INFO - anime: loner-life-in-another-world saison 1 scan en terminer
2024-10-19 17:55:25,385 INFO - anime: arifureta saison 3 scan en cour
2024-10-19 17:55:25,385 INFO - anime: arifureta saison 3 url: https://anime-sama.fr/catalogue/arifureta/saison3/vostfr/
2024-10-19 17:55:25,806 INFO - anime: arifureta saison 3 !!!! nouveaux !!!! episode 1, ['https://video.sibnet.ru/shell.php?videoid=5715814', 'https://vidmoly.to/embed-w2yz7pf4e1tc.html', 'https://sendvid.com/embed/5llr37lx']
2024-10-19 17:55:25,807 INFO - anime: arifureta saison 3 scan en terminer
2024-10-19 17:55:25,808 INFO - anime: arcana-famiglia saison 1 scan en cour
2024-10-19 17:55:25,808 INFO - anime: arcana-famiglia saison 1 url: https://anime-sama.fr/catalogue/arcana-famiglia/saison1/vostfr/
2024-10-19 17:55:26,284 INFO - anime: arcana-famiglia saison 1 !!!! nouveaux !!!! episode 1, ['https://video.sibnet.ru/shell.php?videoid=4676871', 'none', 'https://sendvid.com/embed/b5p3xwvk']
2024-10-19 17:55:26,285 INFO - anime: arcana-famiglia saison 1 !!!! nouveaux !!!! episode 2, ['https://video.sibnet.ru/shell.php?videoid=4676872', 'none', 'https://sendvid.com/embed/rrkypmmx']
2024-10-19 17:55:26,286 INFO - anime: arcana-famiglia saison 1 !!!! nouveaux !!!! episode 3, ['https://video.sibnet.ru/shell.php?videoid=4676874', 'none', 'https://sendvid.com/embed/yhji2jnm']
2024-10-19 17:55:26,286 INFO - anime: arcana-famiglia saison 1 !!!! nouveaux !!!! episode 4, ['https://video.sibnet.ru/shell.php?videoid=4676876', 'none', 'https://sendvid.com/embed/335wrpab']
2024-10-19 17:55:26,287 INFO - anime: arcana-famiglia saison 1 !!!! nouveaux !!!! episode 5, ['https://video.sibnet.ru/shell.php?videoid=4676878', 'none', 'https://sendvid.com/embed/t7kpc1vr']
2024-10-19 17:55:26,288 INFO - anime: arcana-famiglia saison 1 !!!! nouveaux !!!! episode 6, ['https://video.sibnet.ru/shell.php?videoid=4676879', 'none', 'https://sendvid.com/embed/ugeij7g0']
2024-10-19 17:55:26,288 INFO - anime: arcana-famiglia saison 1 !!!! nouveaux !!!! episode 7, ['https://video.sibnet.ru/shell.php?videoid=4676880', 'none', 'https://sendvid.com/embed/gixaq7r8']
2024-10-19 17:55:26,289 INFO - anime: arcana-famiglia saison 1 !!!! nouveaux !!!! episode 8, ['https://video.sibnet.ru/shell.php?videoid=4676881', 'none', 'https://sendvid.com/embed/mk666esf']
2024-10-19 17:55:26,290 INFO - anime: arcana-famiglia saison 1 !!!! nouveaux !!!! episode 9, ['https://video.sibnet.ru/shell.php?videoid=4676882', 'none', 'https://sendvid.com/embed/evx5w4k1']
2024-10-19 17:55:26,291 INFO - anime: arcana-famiglia saison 1 !!!! nouveaux !!!! episode 10, ['https://video.sibnet.ru/shell.php?videoid=4676884', 'none', 'https://sendvid.com/embed/mnomqiba']
2024-10-19 17:55:26,292 INFO - anime: arcana-famiglia saison 1 !!!! nouveaux !!!! episode 11, ['https://video.sibnet.ru/shell.php?videoid=4676886', 'none', 'https://sendvid.com/embed/y7ygzd80']
2024-10-19 17:55:26,292 INFO - anime: arcana-famiglia saison 1 !!!! nouveaux !!!! episode 12, ['https://video.sibnet.ru/shell.php?videoid=4676887', 'none', 'https://sendvid.com/embed/khntf458']
2024-10-19 17:55:26,293 INFO - anime: arcana-famiglia saison 1 !!!! nouveaux !!!! episode 13, ['https://video.sibnet.ru/shell.php?videoid=4676889', 'none', 'https://sendvid.com/embed/dhf25vgb']
2024-10-19 17:55:26,294 INFO - anime: arcana-famiglia saison 1 scan en terminer
2024-10-19 17:55:26,295 INFO - anime: le-healer-rejete-est-invincible-au-combat season 1 01 download en cour
2024-10-19 17:55:26,296 INFO - anime: le-healer-rejete-est-invincible-au-combat season 1 02 download en cour
2024-10-19 17:55:26,298 INFO - anime: roshidere season 1 01 download en cour
2024-10-19 17:55:26,298 INFO - anime: roshidere season 1 02 download en cour
